20230927	19:11:11	24fcdcac-0cbd-4319-82c7-390dccb7713c	GET	/api/v1/refresh	undefined
20230927	19:11:42	2bf6bc6b-ea61-4d12-8a97-c8a255ed0215	GET	/api/v1/auth/refresh	undefined
20230927	19:12:01	12cc5636-9ce0-4e9f-b294-d5e6bc0952cf	GET	/api/v1/auth	undefined
20230927	19:12:07	fd7e16f7-ff99-4495-b93c-aa2fe11e3315	GET	/api/v1/auth/	undefined
20230927	19:12:09	2dd6dc4a-42ec-4f2b-b3e3-deb58f537828	GET	/api/v1/auth/	undefined
20230927	19:12:13	6fbdebc0-1b95-4aa6-8892-ee4cc92656c4	POST	/api/v1/auth/	undefined
20230927	19:12:25	917c4069-862c-43a5-a9d5-0e846ce56780	GET	/api/v1/auth/refresh	undefined
20230927	19:19:56	b742e1f3-5780-4953-8e68-6c71f4145ee3	GET	/api/v1/auth/refresh	undefined
20230927	19:20:06	03141ab5-ab27-46c4-89fc-3ed4bba3cb8a	POST	/api/v1/auth/	undefined
20230927	19:20:33	b8f7909e-89b4-49bb-b986-75a874985171	GET	/api/v1/auth/refresh	undefined
20230927	19:23:56	86e1b8b9-d77c-4930-b8f4-f51de026969b	GET	/api/v1/auth/refresh	undefined
20230927	21:26:36	0bf206a2-1e81-4923-944b-98a740df2b19	GET	/api/v1/auth/refresh	undefined
20230927	21:27:39	3bc70d54-a30e-4b4d-8c1f-98b913a3b25c	GET	/api/v1/auth/refresh	undefined
20230927	21:35:29	6b3a3959-e16c-423e-b55b-3383ef890e53	GET	/api/v1/auth/refresh	undefined
20230927	21:35:56	bb656577-3387-4185-b28c-69337f1f7331	GET	/api/v1/auth/refresh	undefined
20230927	21:46:21	fe21875a-f6ad-400a-893a-be87b7013549	GET	/api/v1/auth/refresh	undefined
20230927	21:48:39	b799f025-4188-4a86-8159-7e91b7cc10d8	GET	/api/v1/auth/refresh	undefined
20230927	21:50:09	03c01e9b-1f66-43d3-839a-66b6da9ec3ce	POST	/api/v1/auth/	undefined
20230927	21:50:39	ee873d8d-ae56-4f94-bc90-542d9c798d67	GET	/api/v1/auth/refresh	undefined
20230927	21:53:50	74c697e2-ff0a-434a-a0d4-663acfe2e4b6	GET	/api/v1/auth/refresh	undefined
20230927	21:55:01	53243343-86ea-461a-90d4-3859bf6d0d12	POST	/api/v1/auth/signup	undefined
20230930	20:26:55	cdfa3eb6-b89d-4eab-b4d5-f34b97eb4e79	GET	/api/v1/cakes?number=6	http://localhost:5173
20230930	20:59:12	77840d13-a202-406c-9510-55a90687433b	POST	/api/v1/auth/signup	undefined
20230930	21:01:21	c0accbcd-632e-44d6-a18a-8a36e64392c4	POST	/api/v1/auth/signup	undefined
20230930	21:01:50	e49c0d0e-abb5-4c68-9640-157d6d93d257	POST	/api/v1/auth/signup	undefined
20230930	21:01:55	077fce3a-b5ae-434e-be7f-23d9bbdd9f76	POST	/api/v1/auth/signup	undefined
20230930	21:02:12	49c70751-9a07-4c87-8107-0009866db229	POST	/api/v1/auth/signup	undefined
20230930	21:03:41	cb3afff8-490e-4cae-bc68-c920b7ff2326	POST	/api/v1/auth/signup	undefined
20230930	21:03:55	eaec752a-ed25-4ec7-92e2-8697be22eb43	POST	/api/v1/auth/signup	undefined
20230930	21:05:49	14c6380e-a5db-4013-960c-b677332a41e5	GET	/api/v1/auth	undefined
20230930	21:05:56	0778f8c8-8c21-4022-986f-a47721078aa8	POST	/api/v1/auth	undefined
20230930	21:06:31	6dc12b72-7ccd-487c-b04e-81debfaa13d0	POST	/api/v1/auth	undefined
20230930	21:06:38	cc9eae77-3b2a-40e6-910d-eb7f0cf53256	POST	/api/v1/auth	undefined
20230930	21:06:44	04011502-8d2c-427c-b816-c48b74848896	POST	/api/v1/auth	undefined
20230930	21:07:09	2edee393-0bf6-41e5-955c-a2a306c28d62	POST	/api/v1/auth	undefined
20230930	21:10:24	b66808e6-0044-4b14-b5c8-1a12a5b20b74	POST	/api/v1/logout	undefined
20230930	21:10:38	10b861b8-f191-481a-9232-72709543d75e	POST	/api/v1/auth/logout	undefined
20230930	21:11:48	b3b65071-55fe-4051-b16c-e9284c107999	POST	/api/v1/auth/logout	undefined
20230930	21:12:32	6d1567cc-8198-4a7e-b537-3760f440d409	GET	/api/v1/auth/refresh	undefined
20230930	21:12:52	1294640c-5fab-4ea8-add4-61acd637968e	POST	/api/v1/auth	undefined
20230930	21:12:57	9f9381ad-a6c0-4fc9-80a4-57c262b27fbe	GET	/api/v1/auth/refresh	undefined
